  [1m[36mSQL (0.4ms)[0m  [1m SELECT name
 FROM sqlite_master
 WHERE type = 'table' AND NOT name = 'sqlite_sequence'
[0m
  [1m[35mSQL (0.1ms)[0m  select sqlite_version(*)
  [1m[36mSQL (1.0ms)[0m  [1mCREATE TABLE "schema_migrations" ("version" varchar(255) NOT NULL) [0m
  [1m[35mSQL (0.0ms)[0m  PRAGMA index_list("schema_migrations")
  [1m[36mSQL (0.9ms)[0m  [1mCREATE UNIQUE INDEX "unique_schema_migrations" ON "schema_migrations" ("version")[0m
  [1m[35mSQL (0.1ms)[0m   SELECT name
 FROM sqlite_master
 WHERE type = 'table' AND NOT name = 'sqlite_sequence'
  [1m[36mSQL (0.1ms)[0m  [1m SELECT name
 FROM sqlite_master
 WHERE type = 'table' AND NOT name = 'sqlite_sequence'
[0m
  [1m[35mSQL (0.1ms)[0m  SELECT "schema_migrations"."version" FROM "schema_migrations"
  [1m[36mSQL (0.5ms)[0m  [1m SELECT name
 FROM sqlite_master
 WHERE type = 'table' AND NOT name = 'sqlite_sequence'
[0m
  [1m[35mSQL (0.1ms)[0m   SELECT name
 FROM sqlite_master
 WHERE type = 'table' AND NOT name = 'sqlite_sequence'
  [1m[36mSQL (0.1ms)[0m  [1mSELECT "schema_migrations"."version" FROM "schema_migrations"[0m
  [1m[35mSQL (0.1ms)[0m   SELECT name
 FROM sqlite_master
 WHERE type = 'table' AND NOT name = 'sqlite_sequence'
  [1m[36mSQL (0.1ms)[0m  [1mSELECT "schema_migrations"."version" FROM "schema_migrations"[0m
  [1m[35mSQL (0.2ms)[0m   SELECT name
 FROM sqlite_master
 WHERE type = 'table' AND NOT name = 'sqlite_sequence'
  [1m[36mSQL (0.1ms)[0m  [1mSELECT "schema_migrations"."version" FROM "schema_migrations"[0m
Migrating to CreateUsers (20110617165851)
  [1m[35mSQL (0.1ms)[0m  select sqlite_version(*)
  [1m[36mSQL (0.5ms)[0m  [1mCREATE TABLE "users" ("id" INTEGER PRIMARY KEY AUTOINCREMENT NOT NULL, "first_name" varchar(255) NOT NULL, "last_name" varchar(255) NOT NULL, "email" varchar(255) NOT NULL, "crypted_password" varchar(255) NOT NULL, "password_salt" varchar(255) NOT NULL, "persistence_token" varchar(255) NOT NULL, "single_access_token" varchar(255) NOT NULL, "perishable_token" varchar(255) NOT NULL, "created_at" datetime, "updated_at" datetime) [0m
  [1m[35mSQL (0.1ms)[0m  INSERT INTO "schema_migrations" ("version") VALUES ('20110617165851')
  [1m[36mSQL (0.3ms)[0m  [1m SELECT name
 FROM sqlite_master
 WHERE type = 'table' AND NOT name = 'sqlite_sequence'
[0m
  [1m[35mSQL (0.1ms)[0m  SELECT "schema_migrations"."version" FROM "schema_migrations"
  [1m[36mSQL (0.1ms)[0m  [1m SELECT name
 FROM sqlite_master
 WHERE type = 'table' AND NOT name = 'sqlite_sequence'
[0m
  [1m[35mSQL (0.1ms)[0m  PRAGMA index_list("users")
  [1m[36mSQL (0.5ms)[0m  [1m SELECT name
 FROM sqlite_master
 WHERE type = 'table' AND NOT name = 'sqlite_sequence'
[0m
  [1m[35mSQL (0.1ms)[0m   SELECT name
 FROM sqlite_master
 WHERE type = 'table' AND NOT name = 'sqlite_sequence'
  [1m[36mSQL (0.1ms)[0m  [1mSELECT "schema_migrations"."version" FROM "schema_migrations"[0m
  [1m[35mSQL (0.1ms)[0m   SELECT name
 FROM sqlite_master
 WHERE type = 'table' AND NOT name = 'sqlite_sequence'
  [1m[36mSQL (0.1ms)[0m  [1mSELECT "schema_migrations"."version" FROM "schema_migrations"[0m
  [1m[35mSQL (0.1ms)[0m   SELECT name
 FROM sqlite_master
 WHERE type = 'table' AND NOT name = 'sqlite_sequence'
  [1m[36mSQL (0.1ms)[0m  [1mSELECT "schema_migrations"."version" FROM "schema_migrations"[0m
Migrating to CreateUsers (20110617165851)
Migrating to CreateCompanies (20110801205908)
  [1m[35mSQL (0.1ms)[0m  select sqlite_version(*)
  [1m[36mSQL (0.4ms)[0m  [1mCREATE TABLE "companies" ("id" INTEGER PRIMARY KEY AUTOINCREMENT NOT NULL, "name" varchar(255), "realm" varchar(255), "owner_id" integer, "intuit_access_token" varchar(255), "intuit_access_secret" varchar(255), "is_qbo" boolean, "created_at" datetime, "updated_at" datetime) [0m
  [1m[35mSQL (0.1ms)[0m  CREATE TABLE "companies_users" ("user_id" integer, "company_id" integer) 
  [1m[36mSQL (0.1ms)[0m  [1mINSERT INTO "schema_migrations" ("version") VALUES ('20110801205908')[0m
  [1m[35mSQL (0.2ms)[0m   SELECT name
 FROM sqlite_master
 WHERE type = 'table' AND NOT name = 'sqlite_sequence'
  [1m[36mSQL (0.1ms)[0m  [1mSELECT "schema_migrations"."version" FROM "schema_migrations"[0m
  [1m[35mSQL (0.1ms)[0m   SELECT name
 FROM sqlite_master
 WHERE type = 'table' AND NOT name = 'sqlite_sequence'
  [1m[36mSQL (0.1ms)[0m  [1mPRAGMA index_list("companies")[0m
  [1m[35mSQL (0.1ms)[0m  PRAGMA index_list("companies_users")
  [1m[36mSQL (0.1ms)[0m  [1mPRAGMA index_list("users")[0m


Started GET "/" for 127.0.0.1 at 2012-11-16 12:08:10 -0500
  Processing by HomeController#index as HTML
DEPRECATION WARNING: Using #request_uri is deprecated. Use fullpath instead. (called from store_location at /Users/jdestradap/projects/concept_tests_rails/customer.com/app/controllers/application_controller.rb:36)
Redirected to http://0.0.0.0:3000/login
Completed 302 Found in 114ms


Started GET "/login" for 127.0.0.1 at 2012-11-16 12:08:11 -0500
  Processing by UserSessionsController#new as HTML
Rendered user_sessions/new.html.erb within layouts/login (345.8ms)
Completed 200 OK in 401ms (Views: 350.0ms | ActiveRecord: 0.0ms)


Started GET "/signup" for 127.0.0.1 at 2012-11-16 12:08:34 -0500
  Processing by UsersController#new as HTML
Rendered users/new.html.erb within layouts/login (130.8ms)
Completed 200 OK in 184ms (Views: 135.6ms | ActiveRecord: 0.0ms)


Started POST "/signup" for 127.0.0.1 at 2012-11-16 12:09:15 -0500
  Processing by UsersController#create as HTML
  Parameters: {"utf8"=>"✓", "authenticity_token"=>"TiZPko0w5vnIQuCO6nMQ5E74fkuVMlmNT8muFHNLMfw=", "user"=>{"first_name"=>"Juan", "last_name"=>"Estrada", "email"=>"jdestradap@gmail.com", "password"=>"[FILTERED]", "password_confirmation"=>"[FILTERED]"}, "commit"=>"Register"}
  [1m[36mSQL (0.2ms)[0m  [1mSELECT 1 FROM "users" WHERE (LOWER("users"."email") = LOWER('jdestradap@gmail.com')) LIMIT 1[0m
  [1m[35mSQL (0.1ms)[0m  SELECT 1 FROM "users" WHERE ("users"."persistence_token" = 'd43208cc0e1a4c4feeb34d3e42172ba758b68c65ad9d4382ff47c9799c62ab70cba8befd0299fb6fdaa625c936afaf0c087d96f3cb6e992a68bd0d6ac03a6d56') LIMIT 1
  [1m[36mSQL (0.1ms)[0m  [1mSELECT 1 FROM "users" WHERE ("users"."single_access_token" = 'ZQOd4Mkn7TYxMcuHwJWs') LIMIT 1[0m
  [1m[35mSQL (0.2ms)[0m   SELECT name
 FROM sqlite_master
 WHERE type = 'table' AND NOT name = 'sqlite_sequence'
  [1m[36mAREL (0.5ms)[0m  [1mINSERT INTO "users" ("first_name", "last_name", "email", "crypted_password", "password_salt", "persistence_token", "single_access_token", "perishable_token", "created_at", "updated_at") VALUES ('Juan', 'Estrada', 'jdestradap@gmail.com', '869341a0b2779e2d9852bd7967371b7a9abe96452d872b0fea13b4aae1648128511f462ec74c0798e55e4d6cffabd685dfbbdc524cfb5b8cf75b8275c57ed68a', 'UOU8J0rmxtCqc68Vkv', 'd43208cc0e1a4c4feeb34d3e42172ba758b68c65ad9d4382ff47c9799c62ab70cba8befd0299fb6fdaa625c936afaf0c087d96f3cb6e992a68bd0d6ac03a6d56', 'ZQOd4Mkn7TYxMcuHwJWs', 'D1t7edlKCnPFXlEZhVrW', '2012-11-16 17:09:16.067346', '2012-11-16 17:09:16.067346')[0m
Redirected to http://0.0.0.0:3000/
Completed 302 Found in 211ms


Started GET "/" for 127.0.0.1 at 2012-11-16 12:09:16 -0500
  Processing by HomeController#index as HTML
  [1m[35mUser Load (0.3ms)[0m  SELECT "users".* FROM "users" WHERE "users"."persistence_token" = 'd43208cc0e1a4c4feeb34d3e42172ba758b68c65ad9d4382ff47c9799c62ab70cba8befd0299fb6fdaa625c936afaf0c087d96f3cb6e992a68bd0d6ac03a6d56' LIMIT 1
  [1m[36mCACHE (0.0ms)[0m  [1mSELECT "users".* FROM "users" WHERE "users"."persistence_token" = 'd43208cc0e1a4c4feeb34d3e42172ba758b68c65ad9d4382ff47c9799c62ab70cba8befd0299fb6fdaa625c936afaf0c087d96f3cb6e992a68bd0d6ac03a6d56' LIMIT 1[0m
Completed 500 Internal Server Error in 114ms

NoMethodError (undefined method `intuit_access_token?' for #<User:0x007fd8a9ff0c38>):
  app/models/user.rb:16:in `connected_to_intuit?'
  app/controllers/home_controller.rb:6:in `index'

Rendered /Users/jdestradap/.rvm/gems/ruby-1.9.3-p194@rails328/gems/actionpack-3.0.9/lib/action_dispatch/middleware/templates/rescues/_trace.erb (1.8ms)
Rendered /Users/jdestradap/.rvm/gems/ruby-1.9.3-p194@rails328/gems/actionpack-3.0.9/lib/action_dispatch/middleware/templates/rescues/_request_and_response.erb (5.8ms)
Rendered /Users/jdestradap/.rvm/gems/ruby-1.9.3-p194@rails328/gems/actionpack-3.0.9/lib/action_dispatch/middleware/templates/rescues/diagnostics.erb within rescues/layout (14.2ms)


Started POST "/signup" for 127.0.0.1 at 2012-11-16 12:09:40 -0500
  Processing by UsersController#create as HTML
  Parameters: {"utf8"=>"✓", "authenticity_token"=>"TiZPko0w5vnIQuCO6nMQ5E74fkuVMlmNT8muFHNLMfw=", "user"=>{"first_name"=>"Juan", "last_name"=>"Estrada", "email"=>"jdestradap@gmail.com", "password"=>"[FILTERED]", "password_confirmation"=>"[FILTERED]"}, "commit"=>"Register"}
  [1m[35mSQL (0.2ms)[0m  SELECT 1 FROM "users" WHERE (LOWER("users"."email") = LOWER('jdestradap@gmail.com')) LIMIT 1
  [1m[36mSQL (0.1ms)[0m  [1mSELECT 1 FROM "users" WHERE ("users"."persistence_token" = '751429694a504d5a17b388d9a55fd1e8d127e748f4a673efc53a298d091722e4946b731768eeae9ad698e0578a92f3e957cd47d5e7bf4809163e2bb9c24e683d') LIMIT 1[0m
  [1m[35mSQL (0.1ms)[0m  SELECT 1 FROM "users" WHERE ("users"."single_access_token" = '0MJQqQx4bpSXjAM3QEcR') LIMIT 1
Rendered users/new.html.erb within layouts/login (111.9ms)
Completed 200 OK in 185ms (Views: 116.3ms | ActiveRecord: 1.7ms)


Started GET "/login" for 127.0.0.1 at 2012-11-16 12:09:43 -0500
  Processing by UserSessionsController#new as HTML
  [1m[36mUser Load (0.2ms)[0m  [1mSELECT "users".* FROM "users" WHERE "users"."persistence_token" = 'd43208cc0e1a4c4feeb34d3e42172ba758b68c65ad9d4382ff47c9799c62ab70cba8befd0299fb6fdaa625c936afaf0c087d96f3cb6e992a68bd0d6ac03a6d56' LIMIT 1[0m
  [1m[35mCACHE (0.0ms)[0m  SELECT "users".* FROM "users" WHERE "users"."persistence_token" = 'd43208cc0e1a4c4feeb34d3e42172ba758b68c65ad9d4382ff47c9799c62ab70cba8befd0299fb6fdaa625c936afaf0c087d96f3cb6e992a68bd0d6ac03a6d56' LIMIT 1
Redirected to http://0.0.0.0:3000/
Completed 302 Found in 107ms


Started GET "/" for 127.0.0.1 at 2012-11-16 12:09:44 -0500
  Processing by HomeController#index as HTML
  [1m[36mUser Load (0.3ms)[0m  [1mSELECT "users".* FROM "users" WHERE "users"."persistence_token" = 'd43208cc0e1a4c4feeb34d3e42172ba758b68c65ad9d4382ff47c9799c62ab70cba8befd0299fb6fdaa625c936afaf0c087d96f3cb6e992a68bd0d6ac03a6d56' LIMIT 1[0m
  [1m[35mUser Load (0.3ms)[0m  SELECT "users".* FROM "users" WHERE "users"."id" = 1 LIMIT 1
Completed 500 Internal Server Error in 113ms

NoMethodError (undefined method `intuit_access_token?' for #<User:0x007fd8a91e3050>):
  app/models/user.rb:16:in `connected_to_intuit?'
  app/controllers/home_controller.rb:6:in `index'

Rendered /Users/jdestradap/.rvm/gems/ruby-1.9.3-p194@rails328/gems/actionpack-3.0.9/lib/action_dispatch/middleware/templates/rescues/_trace.erb (1.7ms)
Rendered /Users/jdestradap/.rvm/gems/ruby-1.9.3-p194@rails328/gems/actionpack-3.0.9/lib/action_dispatch/middleware/templates/rescues/_request_and_response.erb (5.9ms)
Rendered /Users/jdestradap/.rvm/gems/ruby-1.9.3-p194@rails328/gems/actionpack-3.0.9/lib/action_dispatch/middleware/templates/rescues/diagnostics.erb within rescues/layout (13.4ms)


Started GET "/login" for 127.0.0.1 at 2012-11-16 12:17:45 -0500
  Processing by UserSessionsController#new as HTML
  [1m[36mUser Load (0.2ms)[0m  [1mSELECT "users".* FROM "users" WHERE "users"."id" = 2 LIMIT 1[0m
Rendered user_sessions/new.html.erb within layouts/login (74.5ms)
Completed 200 OK in 136ms (Views: 78.2ms | ActiveRecord: 0.2ms)


Started POST "/login" for 127.0.0.1 at 2012-11-16 12:17:58 -0500
  Processing by UserSessionsController#create as HTML
  Parameters: {"utf8"=>"✓", "authenticity_token"=>"SgIT8h2ZXHdiRr8VYA6H/mSpaIMcHKY38LNIznuAcug=", "user_session"=>{"email"=>"", "password"=>"[FILTERED]"}, "commit"=>"Login"}
  [1m[35mUser Load (0.2ms)[0m  SELECT "users".* FROM "users" WHERE "users"."id" = 2 LIMIT 1
Rendered user_sessions/new.html.erb within layouts/login (40.0ms)
Completed 200 OK in 136ms (Views: 43.9ms | ActiveRecord: 0.2ms)


Started POST "/login" for 127.0.0.1 at 2012-11-16 12:17:59 -0500
  Processing by UserSessionsController#create as HTML
  Parameters: {"utf8"=>"✓", "authenticity_token"=>"SgIT8h2ZXHdiRr8VYA6H/mSpaIMcHKY38LNIznuAcug=", "user_session"=>{"email"=>"", "password"=>"[FILTERED]"}, "commit"=>"Login"}
  [1m[36mUser Load (0.2ms)[0m  [1mSELECT "users".* FROM "users" WHERE "users"."id" = 2 LIMIT 1[0m
Rendered user_sessions/new.html.erb within layouts/login (72.8ms)
Completed 200 OK in 168ms (Views: 76.3ms | ActiveRecord: 0.2ms)


Started POST "/login" for 127.0.0.1 at 2012-11-16 12:18:00 -0500
  Processing by UserSessionsController#create as HTML
  Parameters: {"utf8"=>"✓", "authenticity_token"=>"SgIT8h2ZXHdiRr8VYA6H/mSpaIMcHKY38LNIznuAcug=", "user_session"=>{"email"=>"", "password"=>"[FILTERED]"}, "commit"=>"Login"}
  [1m[35mUser Load (0.2ms)[0m  SELECT "users".* FROM "users" WHERE "users"."id" = 2 LIMIT 1
Rendered user_sessions/new.html.erb within layouts/login (39.7ms)
Completed 200 OK in 136ms (Views: 43.4ms | ActiveRecord: 0.2ms)


Started POST "/login" for 127.0.0.1 at 2012-11-16 12:18:04 -0500
  Processing by UserSessionsController#create as HTML
  Parameters: {"utf8"=>"✓", "authenticity_token"=>"SgIT8h2ZXHdiRr8VYA6H/mSpaIMcHKY38LNIznuAcug=", "user_session"=>{"email"=>"z", "password"=>"[FILTERED]"}, "commit"=>"Login"}
  [1m[36mUser Load (0.2ms)[0m  [1mSELECT "users".* FROM "users" WHERE "users"."id" = 2 LIMIT 1[0m
Rendered user_sessions/new.html.erb within layouts/login (40.5ms)
Completed 200 OK in 137ms (Views: 44.2ms | ActiveRecord: 0.2ms)


Started POST "/login" for 127.0.0.1 at 2012-11-16 12:18:18 -0500
  Processing by UserSessionsController#create as HTML
  Parameters: {"utf8"=>"✓", "authenticity_token"=>"SgIT8h2ZXHdiRr8VYA6H/mSpaIMcHKY38LNIznuAcug=", "user_session"=>{"email"=>"z", "password"=>"[FILTERED]"}, "commit"=>"Login"}
  [1m[35mUser Load (0.2ms)[0m  SELECT "users".* FROM "users" WHERE "users"."id" = 2 LIMIT 1
  [1m[36mUser Load (0.2ms)[0m  [1mSELECT "users".* FROM "users" WHERE ("users".email LIKE 'z') LIMIT 1[0m
Rendered user_sessions/new.html.erb within layouts/login (74.2ms)
Completed 200 OK in 139ms (Views: 78.0ms | ActiveRecord: 0.4ms)


Started GET "/" for 127.0.0.1 at 2012-11-18 12:41:09 -0500
  Processing by HomeController#index as HTML
  [1m[36mSQL (0.2ms)[0m  [1m SELECT name
 FROM sqlite_master
 WHERE type = 'table' AND NOT name = 'sqlite_sequence'
[0m
  [1m[35mUser Load (0.5ms)[0m  SELECT "users".* FROM "users" WHERE "users"."persistence_token" = '7f5871d660bcfb100bdb1e180e30bc9e069c79364edb50d142518fceda2cb52db096568ed0e5df8feec7bfd636eb36e4d84457530b2863f01287d27a0a1451d3' LIMIT 1
DEPRECATION WARNING: Using #request_uri is deprecated. Use fullpath instead. (called from store_location at /Users/jdestradap/projects/concept_tests_rails/customer.com/app/controllers/application_controller.rb:36)
Redirected to http://0.0.0.0:3000/login
Completed 302 Found in 154ms


Started GET "/login" for 127.0.0.1 at 2012-11-18 12:41:10 -0500
  Processing by UserSessionsController#new as HTML
  [1m[36mUser Load (0.2ms)[0m  [1mSELECT "users".* FROM "users" WHERE "users"."persistence_token" = '7f5871d660bcfb100bdb1e180e30bc9e069c79364edb50d142518fceda2cb52db096568ed0e5df8feec7bfd636eb36e4d84457530b2863f01287d27a0a1451d3' LIMIT 1[0m
Rendered user_sessions/new.html.erb within layouts/login (360.4ms)
Completed 200 OK in 471ms (Views: 367.0ms | ActiveRecord: 0.9ms)


Started GET "/signup" for 127.0.0.1 at 2012-11-18 12:41:15 -0500
  Processing by UsersController#new as HTML
Rendered users/new.html.erb within layouts/login (127.2ms)
Completed 200 OK in 219ms (Views: 133.8ms | ActiveRecord: 0.0ms)
  [1m[36mUser Load (0.3ms)[0m  [1mSELECT "users".* FROM "users"[0m
  [1m[35mAREL (99.4ms)[0m  DELETE FROM "users" WHERE 1=1
  [1m[36mUser Load (0.4ms)[0m  [1mSELECT "users".* FROM "users"[0m


Started POST "/signup" for 127.0.0.1 at 2012-11-18 12:46:12 -0500
  Processing by UsersController#create as HTML
  Parameters: {"utf8"=>"✓", "authenticity_token"=>"e40wTlBbnqRCRhnOFK8LvJtVE8pwS6wj1LWn1GQ3xfA=", "user"=>{"first_name"=>"Juan", "last_name"=>"Estrada", "email"=>"jdestradap@gmail.com", "password"=>"[FILTERED]", "password_confirmation"=>"[FILTERED]"}, "commit"=>"Register"}
  [1m[35mSQL (0.2ms)[0m  SELECT 1 FROM "users" WHERE (LOWER("users"."email") = LOWER('jdestradap@gmail.com')) LIMIT 1
  [1m[36mSQL (0.1ms)[0m  [1mSELECT 1 FROM "users" WHERE ("users"."persistence_token" = 'c49fb0f4f880e45fd2d7c3cfe3cb508b121adbd557c92e4ae4bc014303725cde31804837c8dd0a5cafa4d4c09d26b8b50b8348619d68ce65502566849804ec44') LIMIT 1[0m
  [1m[35mSQL (0.1ms)[0m  SELECT 1 FROM "users" WHERE ("users"."single_access_token" = 'J1svkiwjp6kOfz0XOUe') LIMIT 1
  [1m[36mUser Load (0.1ms)[0m  [1mSELECT "users".* FROM "users" WHERE "users"."persistence_token" = '7f5871d660bcfb100bdb1e180e30bc9e069c79364edb50d142518fceda2cb52db096568ed0e5df8feec7bfd636eb36e4d84457530b2863f01287d27a0a1451d3' LIMIT 1[0m
  [1m[35mAREL (0.7ms)[0m  INSERT INTO "users" ("first_name", "last_name", "email", "crypted_password", "password_salt", "persistence_token", "single_access_token", "perishable_token", "created_at", "updated_at") VALUES ('Juan', 'Estrada', 'jdestradap@gmail.com', '0a05a6d05d471bf83297af090ffdbdb8664320ccf7f39f08829b373803f85a44f6c80be44c1cdfb6f67af8883fc45eb28a69ed74413310b8e9cae839e9e6866e', 'hjVcqKys5SJuVSi2YXtU', 'c49fb0f4f880e45fd2d7c3cfe3cb508b121adbd557c92e4ae4bc014303725cde31804837c8dd0a5cafa4d4c09d26b8b50b8348619d68ce65502566849804ec44', 'J1svkiwjp6kOfz0XOUe', 'pRNGyVSwnk1uc8D0iKpH', '2012-11-18 17:46:12.458850', '2012-11-18 17:46:12.458850')
Redirected to http://0.0.0.0:3000/
Completed 302 Found in 174ms


Started GET "/" for 127.0.0.1 at 2012-11-18 12:46:12 -0500
  Processing by HomeController#index as HTML
  [1m[36mUser Load (0.3ms)[0m  [1mSELECT "users".* FROM "users" WHERE "users"."persistence_token" = 'c49fb0f4f880e45fd2d7c3cfe3cb508b121adbd557c92e4ae4bc014303725cde31804837c8dd0a5cafa4d4c09d26b8b50b8348619d68ce65502566849804ec44' LIMIT 1[0m
  [1m[35mCACHE (0.0ms)[0m  SELECT "users".* FROM "users" WHERE "users"."persistence_token" = 'c49fb0f4f880e45fd2d7c3cfe3cb508b121adbd557c92e4ae4bc014303725cde31804837c8dd0a5cafa4d4c09d26b8b50b8348619d68ce65502566849804ec44' LIMIT 1
Completed 500 Internal Server Error in 113ms

NoMethodError (undefined method `intuit_access_token?' for #<User:0x007fdb5baad8e8>):
  app/models/user.rb:16:in `connected_to_intuit?'
  app/controllers/home_controller.rb:6:in `index'

Rendered /Users/jdestradap/.rvm/gems/ruby-1.9.3-p194@rails328/gems/actionpack-3.0.9/lib/action_dispatch/middleware/templates/rescues/_trace.erb (1.8ms)
Rendered /Users/jdestradap/.rvm/gems/ruby-1.9.3-p194@rails328/gems/actionpack-3.0.9/lib/action_dispatch/middleware/templates/rescues/_request_and_response.erb (6.2ms)
Rendered /Users/jdestradap/.rvm/gems/ruby-1.9.3-p194@rails328/gems/actionpack-3.0.9/lib/action_dispatch/middleware/templates/rescues/diagnostics.erb within rescues/layout (15.3ms)
  [1m[36mSQL (0.5ms)[0m  [1m SELECT name
 FROM sqlite_master
 WHERE type = 'table' AND NOT name = 'sqlite_sequence'
[0m
  [1m[35mSQL (0.1ms)[0m   SELECT name
 FROM sqlite_master
 WHERE type = 'table' AND NOT name = 'sqlite_sequence'
  [1m[36mSQL (0.1ms)[0m  [1mSELECT "schema_migrations"."version" FROM "schema_migrations"[0m
  [1m[36mSQL (0.5ms)[0m  [1m SELECT name
 FROM sqlite_master
 WHERE type = 'table' AND NOT name = 'sqlite_sequence'
[0m
  [1m[35mSQL (0.1ms)[0m   SELECT name
 FROM sqlite_master
 WHERE type = 'table' AND NOT name = 'sqlite_sequence'
  [1m[36mSQL (0.2ms)[0m  [1mSELECT "schema_migrations"."version" FROM "schema_migrations"[0m
  [1m[36mSQL (0.5ms)[0m  [1m SELECT name
 FROM sqlite_master
 WHERE type = 'table' AND NOT name = 'sqlite_sequence'
[0m
  [1m[35mSQL (0.1ms)[0m   SELECT name
 FROM sqlite_master
 WHERE type = 'table' AND NOT name = 'sqlite_sequence'
  [1m[36mSQL (0.1ms)[0m  [1mSELECT "schema_migrations"."version" FROM "schema_migrations"[0m
  [1m[35mSQL (0.3ms)[0m  select sqlite_version(*)
  [1m[36mSQL (0.1ms)[0m  [1m SELECT name
 FROM sqlite_master
 WHERE type = 'table' AND NOT name = 'sqlite_sequence'
[0m
  [1m[35mSQL (1.1ms)[0m  CREATE TABLE "companies" ("id" INTEGER PRIMARY KEY AUTOINCREMENT NOT NULL, "name" varchar(255), "realm" varchar(255), "owner_id" integer, "intuit_access_token" varchar(255), "intuit_access_secret" varchar(255), "is_qbo" boolean, "created_at" datetime, "updated_at" datetime) 
  [1m[36mSQL (0.1ms)[0m  [1m SELECT name
 FROM sqlite_master
 WHERE type = 'table' AND NOT name = 'sqlite_sequence'
[0m
  [1m[35mSQL (0.9ms)[0m  CREATE TABLE "companies_users" ("user_id" integer, "company_id" integer) 
  [1m[36mSQL (0.2ms)[0m  [1m SELECT name
 FROM sqlite_master
 WHERE type = 'table' AND NOT name = 'sqlite_sequence'
[0m
  [1m[35mSQL (1.0ms)[0m  CREATE TABLE "users" ("id" INTEGER PRIMARY KEY AUTOINCREMENT NOT NULL, "first_name" varchar(255) NOT NULL, "last_name" varchar(255) NOT NULL, "email" varchar(255) NOT NULL, "crypted_password" varchar(255) NOT NULL, "password_salt" varchar(255) NOT NULL, "persistence_token" varchar(255) NOT NULL, "single_access_token" varchar(255) NOT NULL, "perishable_token" varchar(255) NOT NULL, "created_at" datetime, "updated_at" datetime) 
  [1m[36mSQL (0.2ms)[0m  [1m SELECT name
 FROM sqlite_master
 WHERE type = 'table' AND NOT name = 'sqlite_sequence'
[0m
  [1m[35mSQL (0.9ms)[0m  CREATE TABLE "schema_migrations" ("version" varchar(255) NOT NULL) 
  [1m[36mSQL (0.1ms)[0m  [1mPRAGMA index_list("schema_migrations")[0m
  [1m[35mSQL (0.9ms)[0m  CREATE UNIQUE INDEX "unique_schema_migrations" ON "schema_migrations" ("version")
  [1m[36mSQL (0.2ms)[0m  [1m SELECT name
 FROM sqlite_master
 WHERE type = 'table' AND NOT name = 'sqlite_sequence'
[0m
  [1m[35mSQL (0.1ms)[0m  SELECT version FROM "schema_migrations"
  [1m[36mSQL (0.9ms)[0m  [1mINSERT INTO "schema_migrations" (version) VALUES ('20110801205908')[0m
  [1m[35mSQL (0.8ms)[0m  INSERT INTO "schema_migrations" (version) VALUES ('20110617165851')
  [1m[36mUser Load (0.2ms)[0m  [1mSELECT "users".* FROM "users"[0m


Started GET "/" for 127.0.0.1 at 2012-11-18 13:26:51 -0500
  Processing by HomeController#index as HTML
  [1m[36mSQL (0.2ms)[0m  [1m SELECT name
 FROM sqlite_master
 WHERE type = 'table' AND NOT name = 'sqlite_sequence'
[0m
  [1m[35mUser Load (0.2ms)[0m  SELECT "users".* FROM "users" WHERE "users"."persistence_token" = 'c49fb0f4f880e45fd2d7c3cfe3cb508b121adbd557c92e4ae4bc014303725cde31804837c8dd0a5cafa4d4c09d26b8b50b8348619d68ce65502566849804ec44' LIMIT 1
  [1m[36mCACHE (0.0ms)[0m  [1mSELECT "users".* FROM "users" WHERE "users"."persistence_token" = 'c49fb0f4f880e45fd2d7c3cfe3cb508b121adbd557c92e4ae4bc014303725cde31804837c8dd0a5cafa4d4c09d26b8b50b8348619d68ce65502566849804ec44' LIMIT 1[0m
Completed 500 Internal Server Error in 192ms

NoMethodError (undefined method `intuit_access_token?' for #<User:0x007fcb829bff50>):
  app/models/user.rb:16:in `connected_to_intuit?'
  app/controllers/home_controller.rb:6:in `index'

Rendered /Users/jdestradap/.rvm/gems/ruby-1.9.3-p194@rentwb/gems/actionpack-3.0.9/lib/action_dispatch/middleware/templates/rescues/_trace.erb (1.7ms)
Rendered /Users/jdestradap/.rvm/gems/ruby-1.9.3-p194@rentwb/gems/actionpack-3.0.9/lib/action_dispatch/middleware/templates/rescues/_request_and_response.erb (6.2ms)
Rendered /Users/jdestradap/.rvm/gems/ruby-1.9.3-p194@rentwb/gems/actionpack-3.0.9/lib/action_dispatch/middleware/templates/rescues/diagnostics.erb within rescues/layout (14.6ms)


Started GET "/" for 127.0.0.1 at 2012-11-18 13:39:54 -0500
  Processing by HomeController#index as HTML
  [1m[36mSQL (0.2ms)[0m  [1m SELECT name
 FROM sqlite_master
 WHERE type = 'table' AND NOT name = 'sqlite_sequence'
[0m
  [1m[35mUser Load (0.2ms)[0m  SELECT "users".* FROM "users" WHERE "users"."persistence_token" = 'c49fb0f4f880e45fd2d7c3cfe3cb508b121adbd557c92e4ae4bc014303725cde31804837c8dd0a5cafa4d4c09d26b8b50b8348619d68ce65502566849804ec44' LIMIT 1
  [1m[36mCACHE (0.0ms)[0m  [1mSELECT "users".* FROM "users" WHERE "users"."persistence_token" = 'c49fb0f4f880e45fd2d7c3cfe3cb508b121adbd557c92e4ae4bc014303725cde31804837c8dd0a5cafa4d4c09d26b8b50b8348619d68ce65502566849804ec44' LIMIT 1[0m
Completed 500 Internal Server Error in 180ms

NoMethodError (undefined method `intuit_access_token?' for #<User:0x007fcf3b5307c0>):
  app/models/user.rb:16:in `connected_to_intuit?'
  app/controllers/home_controller.rb:6:in `index'

Rendered /Users/jdestradap/.rvm/gems/ruby-1.9.3-p194@rentwb/gems/actionpack-3.0.9/lib/action_dispatch/middleware/templates/rescues/_trace.erb (1.7ms)
Rendered /Users/jdestradap/.rvm/gems/ruby-1.9.3-p194@rentwb/gems/actionpack-3.0.9/lib/action_dispatch/middleware/templates/rescues/_request_and_response.erb (6.2ms)
Rendered /Users/jdestradap/.rvm/gems/ruby-1.9.3-p194@rentwb/gems/actionpack-3.0.9/lib/action_dispatch/middleware/templates/rescues/diagnostics.erb within rescues/layout (14.2ms)


Started GET "/" for 127.0.0.1 at 2012-11-18 14:21:12 -0500
  Processing by HomeController#index as HTML
  [1m[36mSQL (0.2ms)[0m  [1m SELECT name
 FROM sqlite_master
 WHERE type = 'table' AND NOT name = 'sqlite_sequence'
[0m
  [1m[35mUser Load (0.2ms)[0m  SELECT "users".* FROM "users" WHERE "users"."persistence_token" = 'c49fb0f4f880e45fd2d7c3cfe3cb508b121adbd557c92e4ae4bc014303725cde31804837c8dd0a5cafa4d4c09d26b8b50b8348619d68ce65502566849804ec44' LIMIT 1
  [1m[36mCACHE (0.0ms)[0m  [1mSELECT "users".* FROM "users" WHERE "users"."persistence_token" = 'c49fb0f4f880e45fd2d7c3cfe3cb508b121adbd557c92e4ae4bc014303725cde31804837c8dd0a5cafa4d4c09d26b8b50b8348619d68ce65502566849804ec44' LIMIT 1[0m
Completed 500 Internal Server Error in 189ms

NoMethodError (undefined method `intuit_access_token?' for #<User:0x007fb826afbb40>):
  app/models/user.rb:16:in `connected_to_intuit?'
  app/controllers/home_controller.rb:6:in `index'

Rendered /Users/jdestradap/.rvm/gems/ruby-1.9.3-p194@rentwb/gems/actionpack-3.0.9/lib/action_dispatch/middleware/templates/rescues/_trace.erb (1.7ms)
Rendered /Users/jdestradap/.rvm/gems/ruby-1.9.3-p194@rentwb/gems/actionpack-3.0.9/lib/action_dispatch/middleware/templates/rescues/_request_and_response.erb (7.6ms)
Rendered /Users/jdestradap/.rvm/gems/ruby-1.9.3-p194@rentwb/gems/actionpack-3.0.9/lib/action_dispatch/middleware/templates/rescues/diagnostics.erb within rescues/layout (15.4ms)
  [1m[36mUser Load (0.3ms)[0m  [1mSELECT "users".* FROM "users"[0m
  [1m[35mAREL (4.0ms)[0m  DELETE FROM "users" WHERE 1=1


Started GET "/" for 127.0.0.1 at 2012-11-18 14:22:17 -0500
  Processing by HomeController#index as HTML
  [1m[35mUser Load (0.2ms)[0m  SELECT "users".* FROM "users" WHERE "users"."persistence_token" = 'c49fb0f4f880e45fd2d7c3cfe3cb508b121adbd557c92e4ae4bc014303725cde31804837c8dd0a5cafa4d4c09d26b8b50b8348619d68ce65502566849804ec44' LIMIT 1
  [1m[36mCACHE (0.0ms)[0m  [1mSELECT "users".* FROM "users" WHERE "users"."persistence_token" = 'c49fb0f4f880e45fd2d7c3cfe3cb508b121adbd557c92e4ae4bc014303725cde31804837c8dd0a5cafa4d4c09d26b8b50b8348619d68ce65502566849804ec44' LIMIT 1[0m
DEPRECATION WARNING: Using #request_uri is deprecated. Use fullpath instead. (called from store_location at /Users/jdestradap/projects/concept_tests_rails/customer.com/app/controllers/application_controller.rb:36)
Redirected to http://0.0.0.0:3000/login
Completed 302 Found in 90ms


Started GET "/login" for 127.0.0.1 at 2012-11-18 14:22:17 -0500
  Processing by UserSessionsController#new as HTML
  [1m[35mUser Load (0.2ms)[0m  SELECT "users".* FROM "users" WHERE "users"."persistence_token" = 'c49fb0f4f880e45fd2d7c3cfe3cb508b121adbd557c92e4ae4bc014303725cde31804837c8dd0a5cafa4d4c09d26b8b50b8348619d68ce65502566849804ec44' LIMIT 1
  [1m[36mCACHE (0.0ms)[0m  [1mSELECT "users".* FROM "users" WHERE "users"."persistence_token" = 'c49fb0f4f880e45fd2d7c3cfe3cb508b121adbd557c92e4ae4bc014303725cde31804837c8dd0a5cafa4d4c09d26b8b50b8348619d68ce65502566849804ec44' LIMIT 1[0m
Rendered user_sessions/new.html.erb within layouts/login (208.3ms)
Completed 200 OK in 309ms (Views: 212.2ms | ActiveRecord: 0.4ms)
  [1m[36mCompany Load (0.2ms)[0m  [1mSELECT "companies".* FROM "companies"[0m


Started GET "/" for 127.0.0.1 at 2012-11-18 14:23:19 -0500
  Processing by HomeController#index as HTML
  [1m[36mSQL (0.2ms)[0m  [1m SELECT name
 FROM sqlite_master
 WHERE type = 'table' AND NOT name = 'sqlite_sequence'
[0m
  [1m[35mUser Load (0.2ms)[0m  SELECT "users".* FROM "users" WHERE "users"."persistence_token" = 'c49fb0f4f880e45fd2d7c3cfe3cb508b121adbd557c92e4ae4bc014303725cde31804837c8dd0a5cafa4d4c09d26b8b50b8348619d68ce65502566849804ec44' LIMIT 1
  [1m[36mCACHE (0.0ms)[0m  [1mSELECT "users".* FROM "users" WHERE "users"."persistence_token" = 'c49fb0f4f880e45fd2d7c3cfe3cb508b121adbd557c92e4ae4bc014303725cde31804837c8dd0a5cafa4d4c09d26b8b50b8348619d68ce65502566849804ec44' LIMIT 1[0m
DEPRECATION WARNING: Using #request_uri is deprecated. Use fullpath instead. (called from store_location at /Users/jdestradap/projects/concept_tests_rails/customer.com/app/controllers/application_controller.rb:36)
Redirected to http://0.0.0.0:3000/login
Completed 302 Found in 181ms


Started GET "/login" for 127.0.0.1 at 2012-11-18 14:23:19 -0500
  Processing by UserSessionsController#new as HTML
  [1m[35mUser Load (0.3ms)[0m  SELECT "users".* FROM "users" WHERE "users"."persistence_token" = 'c49fb0f4f880e45fd2d7c3cfe3cb508b121adbd557c92e4ae4bc014303725cde31804837c8dd0a5cafa4d4c09d26b8b50b8348619d68ce65502566849804ec44' LIMIT 1
  [1m[36mCACHE (0.0ms)[0m  [1mSELECT "users".* FROM "users" WHERE "users"."persistence_token" = 'c49fb0f4f880e45fd2d7c3cfe3cb508b121adbd557c92e4ae4bc014303725cde31804837c8dd0a5cafa4d4c09d26b8b50b8348619d68ce65502566849804ec44' LIMIT 1[0m
Rendered user_sessions/new.html.erb within layouts/login (208.2ms)
Completed 200 OK in 309ms (Views: 212.3ms | ActiveRecord: 0.7ms)


Started GET "/signup" for 127.0.0.1 at 2012-11-18 14:23:23 -0500
  Processing by UsersController#new as HTML
Rendered users/new.html.erb within layouts/login (117.4ms)
Completed 200 OK in 168ms (Views: 121.5ms | ActiveRecord: 0.0ms)


Started POST "/signup" for 127.0.0.1 at 2012-11-18 14:23:40 -0500
  Processing by UsersController#create as HTML
  Parameters: {"utf8"=>"✓", "authenticity_token"=>"e40wTlBbnqRCRhnOFK8LvJtVE8pwS6wj1LWn1GQ3xfA=", "user"=>{"first_name"=>"Juan", "last_name"=>"Estrada", "email"=>"jdestradap@gmail.com", "password"=>"[FILTERED]", "password_confirmation"=>"[FILTERED]"}, "commit"=>"Register"}
  [1m[35mSQL (0.2ms)[0m  SELECT 1 FROM "users" WHERE (LOWER("users"."email") = LOWER('jdestradap@gmail.com')) LIMIT 1
  [1m[36mSQL (0.1ms)[0m  [1mSELECT 1 FROM "users" WHERE ("users"."persistence_token" = 'c365065821d640e6eec525a2bd604fe17425f1c4aefbc2aee420896ee0c4d30c9f07442937e204aa403d403bfb810103b3b9b9ca5c35bdadfa7ab62eb5787406') LIMIT 1[0m
  [1m[35mSQL (0.1ms)[0m  SELECT 1 FROM "users" WHERE ("users"."single_access_token" = '1Y0K9exSb1BybMuyucY') LIMIT 1
  [1m[36mUser Load (0.1ms)[0m  [1mSELECT "users".* FROM "users" WHERE "users"."persistence_token" = 'c49fb0f4f880e45fd2d7c3cfe3cb508b121adbd557c92e4ae4bc014303725cde31804837c8dd0a5cafa4d4c09d26b8b50b8348619d68ce65502566849804ec44' LIMIT 1[0m
  [1m[35mCACHE (0.0ms)[0m  SELECT "users".* FROM "users" WHERE "users"."persistence_token" = 'c49fb0f4f880e45fd2d7c3cfe3cb508b121adbd557c92e4ae4bc014303725cde31804837c8dd0a5cafa4d4c09d26b8b50b8348619d68ce65502566849804ec44' LIMIT 1
  [1m[36mAREL (0.4ms)[0m  [1mINSERT INTO "users" ("first_name", "last_name", "email", "crypted_password", "password_salt", "persistence_token", "single_access_token", "perishable_token", "created_at", "updated_at") VALUES ('Juan', 'Estrada', 'jdestradap@gmail.com', 'b905506d226a6d7c800036887ebdcbaac38a686eaebbd7eb7894091bb7af96226ef14cba3fa83aed90d2ec56dca9df3a55f137c9adcab73eff18a697fda55f4a', 'VNjldmFID3KuCpd9T', 'c365065821d640e6eec525a2bd604fe17425f1c4aefbc2aee420896ee0c4d30c9f07442937e204aa403d403bfb810103b3b9b9ca5c35bdadfa7ab62eb5787406', '1Y0K9exSb1BybMuyucY', 'FFxGMf7j0WHowWsp02Xq', '2012-11-18 19:23:40.907829', '2012-11-18 19:23:40.907829')[0m
Redirected to http://0.0.0.0:3000/
Completed 302 Found in 139ms


Started GET "/" for 127.0.0.1 at 2012-11-18 14:23:40 -0500
  Processing by HomeController#index as HTML
  [1m[35mUser Load (0.4ms)[0m  SELECT "users".* FROM "users" WHERE "users"."persistence_token" = 'c365065821d640e6eec525a2bd604fe17425f1c4aefbc2aee420896ee0c4d30c9f07442937e204aa403d403bfb810103b3b9b9ca5c35bdadfa7ab62eb5787406' LIMIT 1
  [1m[36mCACHE (0.0ms)[0m  [1mSELECT "users".* FROM "users" WHERE "users"."persistence_token" = 'c365065821d640e6eec525a2bd604fe17425f1c4aefbc2aee420896ee0c4d30c9f07442937e204aa403d403bfb810103b3b9b9ca5c35bdadfa7ab62eb5787406' LIMIT 1[0m
Completed 500 Internal Server Error in 108ms

NoMethodError (undefined method `intuit_access_token?' for #<User:0x007fc165b3c058>):
  app/models/user.rb:16:in `connected_to_intuit?'
  app/controllers/home_controller.rb:6:in `index'

Rendered /Users/jdestradap/.rvm/gems/ruby-1.9.3-p194@rentwb/gems/actionpack-3.0.9/lib/action_dispatch/middleware/templates/rescues/_trace.erb (1.8ms)
Rendered /Users/jdestradap/.rvm/gems/ruby-1.9.3-p194@rentwb/gems/actionpack-3.0.9/lib/action_dispatch/middleware/templates/rescues/_request_and_response.erb (6.1ms)
Rendered /Users/jdestradap/.rvm/gems/ruby-1.9.3-p194@rentwb/gems/actionpack-3.0.9/lib/action_dispatch/middleware/templates/rescues/diagnostics.erb within rescues/layout (14.0ms)


Started POST "/signup" for 127.0.0.1 at 2012-11-18 15:51:34 -0500
  Processing by UsersController#create as HTML
  Parameters: {"utf8"=>"✓", "authenticity_token"=>"e40wTlBbnqRCRhnOFK8LvJtVE8pwS6wj1LWn1GQ3xfA=", "user"=>{"first_name"=>"Juan", "last_name"=>"Estrada", "email"=>"jdestradap@gmail.com", "password"=>"[FILTERED]", "password_confirmation"=>"[FILTERED]"}, "commit"=>"Register"}
  [1m[35mSQL (0.2ms)[0m  SELECT 1 FROM "users" WHERE (LOWER("users"."email") = LOWER('jdestradap@gmail.com')) LIMIT 1
  [1m[36mSQL (0.1ms)[0m  [1mSELECT 1 FROM "users" WHERE ("users"."persistence_token" = '01e90cc2ea03239be13e726f2ffe09937a1fa6502fea8828b2205d1d47f77c0319c1c7c270a4fa8a2a2b267b06d37452871bcfc947f14484df3d1c51978a335e') LIMIT 1[0m
  [1m[35mSQL (0.1ms)[0m  SELECT 1 FROM "users" WHERE ("users"."single_access_token" = '9Or1ZRBdnvLIrORlCwoD') LIMIT 1
Rendered users/new.html.erb within layouts/login (116.3ms)
Completed 200 OK in 184ms (Views: 120.4ms | ActiveRecord: 0.3ms)


Started GET "/login" for 127.0.0.1 at 2012-11-18 15:51:38 -0500
  Processing by UserSessionsController#new as HTML
  [1m[36mUser Load (0.3ms)[0m  [1mSELECT "users".* FROM "users" WHERE "users"."persistence_token" = 'c365065821d640e6eec525a2bd604fe17425f1c4aefbc2aee420896ee0c4d30c9f07442937e204aa403d403bfb810103b3b9b9ca5c35bdadfa7ab62eb5787406' LIMIT 1[0m
  [1m[35mCACHE (0.0ms)[0m  SELECT "users".* FROM "users" WHERE "users"."persistence_token" = 'c365065821d640e6eec525a2bd604fe17425f1c4aefbc2aee420896ee0c4d30c9f07442937e204aa403d403bfb810103b3b9b9ca5c35bdadfa7ab62eb5787406' LIMIT 1
Redirected to http://0.0.0.0:3000/
Completed 302 Found in 101ms


Started GET "/" for 127.0.0.1 at 2012-11-18 15:51:38 -0500
  Processing by HomeController#index as HTML
  [1m[36mUser Load (0.2ms)[0m  [1mSELECT "users".* FROM "users" WHERE "users"."persistence_token" = 'c365065821d640e6eec525a2bd604fe17425f1c4aefbc2aee420896ee0c4d30c9f07442937e204aa403d403bfb810103b3b9b9ca5c35bdadfa7ab62eb5787406' LIMIT 1[0m
  [1m[35mUser Load (0.2ms)[0m  SELECT "users".* FROM "users" WHERE "users"."id" = 3 LIMIT 1
Completed 500 Internal Server Error in 108ms

NoMethodError (undefined method `intuit_access_token?' for #<User:0x007fc163873008>):
  app/models/user.rb:16:in `connected_to_intuit?'
  app/controllers/home_controller.rb:6:in `index'

Rendered /Users/jdestradap/.rvm/gems/ruby-1.9.3-p194@rentwb/gems/actionpack-3.0.9/lib/action_dispatch/middleware/templates/rescues/_trace.erb (1.8ms)
Rendered /Users/jdestradap/.rvm/gems/ruby-1.9.3-p194@rentwb/gems/actionpack-3.0.9/lib/action_dispatch/middleware/templates/rescues/_request_and_response.erb (5.6ms)
Rendered /Users/jdestradap/.rvm/gems/ruby-1.9.3-p194@rentwb/gems/actionpack-3.0.9/lib/action_dispatch/middleware/templates/rescues/diagnostics.erb within rescues/layout (13.0ms)


Started GET "/" for 127.0.0.1 at 2012-11-18 17:34:39 -0500
  Processing by HomeController#index as HTML
  [1m[36mSQL (0.2ms)[0m  [1m SELECT name
 FROM sqlite_master
 WHERE type = 'table' AND NOT name = 'sqlite_sequence'
[0m
  [1m[35mUser Load (0.2ms)[0m  SELECT "users".* FROM "users" WHERE "users"."persistence_token" = 'ad0b02e1657e535a80ca456b83dbc63a9fcbe2d6c07f7797142eddafcf4ba4a9c84be1719caab68362fba44455107047f64fcc88d93851767d4433d3beda0349' LIMIT 1
  [1m[36mCACHE (0.0ms)[0m  [1mSELECT "users".* FROM "users" WHERE "users"."persistence_token" = 'ad0b02e1657e535a80ca456b83dbc63a9fcbe2d6c07f7797142eddafcf4ba4a9c84be1719caab68362fba44455107047f64fcc88d93851767d4433d3beda0349' LIMIT 1[0m
DEPRECATION WARNING: Using #request_uri is deprecated. Use fullpath instead. (called from store_location at /Users/jdestradap/projects/concept_tests_rails/customer.com/app/controllers/application_controller.rb:36)
Redirected to http://0.0.0.0:3000/login
Completed 302 Found in 172ms


Started GET "/login" for 127.0.0.1 at 2012-11-18 17:34:39 -0500
  Processing by UserSessionsController#new as HTML
  [1m[35mUser Load (0.2ms)[0m  SELECT "users".* FROM "users" WHERE "users"."persistence_token" = 'ad0b02e1657e535a80ca456b83dbc63a9fcbe2d6c07f7797142eddafcf4ba4a9c84be1719caab68362fba44455107047f64fcc88d93851767d4433d3beda0349' LIMIT 1
  [1m[36mCACHE (0.0ms)[0m  [1mSELECT "users".* FROM "users" WHERE "users"."persistence_token" = 'ad0b02e1657e535a80ca456b83dbc63a9fcbe2d6c07f7797142eddafcf4ba4a9c84be1719caab68362fba44455107047f64fcc88d93851767d4433d3beda0349' LIMIT 1[0m
Rendered user_sessions/new.html.erb within layouts/login (202.0ms)
Completed 200 OK in 293ms (Views: 206.2ms | ActiveRecord: 0.6ms)


Started POST "/login" for 127.0.0.1 at 2012-11-18 17:34:51 -0500
  Processing by UserSessionsController#create as HTML
  Parameters: {"utf8"=>"✓", "authenticity_token"=>"CZD46HPjYUZ7LfYuVXsvQoAV/2IwK6Z3BYihLVmYzdQ=", "user_session"=>{"email"=>"jdestradap@gmail.com", "password"=>"[FILTERED]"}, "commit"=>"Login"}
  [1m[35mUser Load (0.2ms)[0m  SELECT "users".* FROM "users" WHERE "users"."persistence_token" = 'ad0b02e1657e535a80ca456b83dbc63a9fcbe2d6c07f7797142eddafcf4ba4a9c84be1719caab68362fba44455107047f64fcc88d93851767d4433d3beda0349' LIMIT 1
  [1m[36mCACHE (0.0ms)[0m  [1mSELECT "users".* FROM "users" WHERE "users"."persistence_token" = 'ad0b02e1657e535a80ca456b83dbc63a9fcbe2d6c07f7797142eddafcf4ba4a9c84be1719caab68362fba44455107047f64fcc88d93851767d4433d3beda0349' LIMIT 1[0m
  [1m[35mUser Load (0.3ms)[0m  SELECT "users".* FROM "users" WHERE ("users".email LIKE 'jdestradap@gmail.com') LIMIT 1
  [1m[36mAREL (0.3ms)[0m  [1mUPDATE "users" SET "perishable_token" = 'WAO65NxWA1QJCLJGyfJi', "updated_at" = '2012-11-18 22:34:51.538029' WHERE "users"."id" = 3[0m
Redirected to http://0.0.0.0:3000/
Completed 302 Found in 132ms


Started GET "/" for 127.0.0.1 at 2012-11-18 17:34:51 -0500
  Processing by HomeController#index as HTML
  [1m[35mUser Load (0.3ms)[0m  SELECT "users".* FROM "users" WHERE "users"."id" = 3 LIMIT 1
  [1m[36mCACHE (0.0ms)[0m  [1mSELECT "users".* FROM "users" WHERE "users"."id" = 3 LIMIT 1[0m
Completed 500 Internal Server Error in 108ms

NoMethodError (undefined method `intuit_access_token?' for #<User:0x007f9d451d72e0>):
  app/models/user.rb:16:in `connected_to_intuit?'
  app/controllers/home_controller.rb:6:in `index'

Rendered /Users/jdestradap/.rvm/gems/ruby-1.9.3-p194@rentwb/gems/actionpack-3.0.9/lib/action_dispatch/middleware/templates/rescues/_trace.erb (1.9ms)
Rendered /Users/jdestradap/.rvm/gems/ruby-1.9.3-p194@rentwb/gems/actionpack-3.0.9/lib/action_dispatch/middleware/templates/rescues/_request_and_response.erb (5.6ms)
Rendered /Users/jdestradap/.rvm/gems/ruby-1.9.3-p194@rentwb/gems/actionpack-3.0.9/lib/action_dispatch/middleware/templates/rescues/diagnostics.erb within rescues/layout (14.5ms)


Started GET "/" for 127.0.0.1 at 2012-11-18 17:44:31 -0500
  Processing by HomeController#index as HTML
  [1m[36mSQL (0.3ms)[0m  [1m SELECT name
 FROM sqlite_master
 WHERE type = 'table' AND NOT name = 'sqlite_sequence'
[0m
  [1m[35mUser Load (0.2ms)[0m  SELECT "users".* FROM "users" WHERE "users"."id" = 3 LIMIT 1
  [1m[36mCACHE (0.0ms)[0m  [1mSELECT "users".* FROM "users" WHERE "users"."id" = 3 LIMIT 1[0m
Completed 500 Internal Server Error in 182ms

NoMethodError (undefined method `intuit_access_token?' for #<User:0x007fa63eac0e90>):
  app/models/user.rb:16:in `connected_to_intuit?'
  app/controllers/home_controller.rb:6:in `index'

Rendered /Users/jdestradap/.rvm/gems/ruby-1.9.3-p194@rentwb/gems/actionpack-3.0.9/lib/action_dispatch/middleware/templates/rescues/_trace.erb (1.6ms)
Rendered /Users/jdestradap/.rvm/gems/ruby-1.9.3-p194@rentwb/gems/actionpack-3.0.9/lib/action_dispatch/middleware/templates/rescues/_request_and_response.erb (5.3ms)
Rendered /Users/jdestradap/.rvm/gems/ruby-1.9.3-p194@rentwb/gems/actionpack-3.0.9/lib/action_dispatch/middleware/templates/rescues/diagnostics.erb within rescues/layout (12.9ms)


Started GET "/index.html" for 127.0.0.1 at 2012-11-18 17:44:38 -0500

ActionController::RoutingError (No route matches "/index.html"):
  

Rendered /Users/jdestradap/.rvm/gems/ruby-1.9.3-p194@rentwb/gems/actionpack-3.0.9/lib/action_dispatch/middleware/templates/rescues/routing_error.erb within rescues/layout (1.4ms)


Started GET "/" for 127.0.0.1 at 2012-11-18 17:44:42 -0500
  Processing by HomeController#index as HTML
  [1m[35mUser Load (0.2ms)[0m  SELECT "users".* FROM "users" WHERE "users"."id" = 3 LIMIT 1
  [1m[36mCACHE (0.0ms)[0m  [1mSELECT "users".* FROM "users" WHERE "users"."id" = 3 LIMIT 1[0m
Completed 500 Internal Server Error in 104ms

NoMethodError (undefined method `intuit_access_token?' for #<User:0x007fa64068cb38>):
  app/models/user.rb:16:in `connected_to_intuit?'
  app/controllers/home_controller.rb:6:in `index'

Rendered /Users/jdestradap/.rvm/gems/ruby-1.9.3-p194@rentwb/gems/actionpack-3.0.9/lib/action_dispatch/middleware/templates/rescues/_trace.erb (1.7ms)
Rendered /Users/jdestradap/.rvm/gems/ruby-1.9.3-p194@rentwb/gems/actionpack-3.0.9/lib/action_dispatch/middleware/templates/rescues/_request_and_response.erb (5.6ms)
Rendered /Users/jdestradap/.rvm/gems/ruby-1.9.3-p194@rentwb/gems/actionpack-3.0.9/lib/action_dispatch/middleware/templates/rescues/diagnostics.erb within rescues/layout (12.8ms)


Started GET "/" for 127.0.0.1 at 2012-12-10 11:45:30 -0500
  Processing by HomeController#index as HTML
DEPRECATION WARNING: Using #request_uri is deprecated. Use fullpath instead. (called from store_location at /Users/jdestradap/projects/concept_tests_rails/customer.com/app/controllers/application_controller.rb:36)
Redirected to http://0.0.0.0:3000/login
Completed 302 Found in 128ms


Started GET "/login" for 127.0.0.1 at 2012-12-10 11:45:30 -0500
  Processing by UserSessionsController#new as HTML
Rendered user_sessions/new.html.erb within layouts/login (465.4ms)
Completed 200 OK in 553ms (Views: 472.0ms | ActiveRecord: 0.0ms)


Started GET "/signup" for 127.0.0.1 at 2012-12-10 11:45:37 -0500
  Processing by UsersController#new as HTML
Rendered users/new.html.erb within layouts/login (164.7ms)
Completed 200 OK in 292ms (Views: 171.4ms | ActiveRecord: 0.0ms)
